/home/jonathan/Thesis/ROS2_octo/ros2_ws/src/install/ros2_octo/lib/python3.10/site-packages/ros2_octo/octo_target_pose.py
/home/jonathan/Thesis/ROS2_octo/ros2_ws/src/install/ros2_octo/lib/python3.10/site-packages/ros2_octo/octo_inference.py
/home/jonathan/Thesis/ROS2_octo/ros2_ws/src/install/ros2_octo/lib/python3.10/site-packages/ros2_octo/__init__.py
/home/jonathan/Thesis/ROS2_octo/ros2_ws/src/install/ros2_octo/lib/python3.10/site-packages/ros2_octo/camera.py
/home/jonathan/Thesis/ROS2_octo/ros2_ws/src/install/ros2_octo/lib/python3.10/site-packages/ros2_octo/octo/__init__.py
/home/jonathan/Thesis/ROS2_octo/ros2_ws/src/install/ros2_octo/lib/python3.10/site-packages/ros2_octo/octo/utils/visualization_lib.py
/home/jonathan/Thesis/ROS2_octo/ros2_ws/src/install/ros2_octo/lib/python3.10/site-packages/ros2_octo/octo/utils/train_callbacks.py
/home/jonathan/Thesis/ROS2_octo/ros2_ws/src/install/ros2_octo/lib/python3.10/site-packages/ros2_octo/octo/utils/jax_utils.py
/home/jonathan/Thesis/ROS2_octo/ros2_ws/src/install/ros2_octo/lib/python3.10/site-packages/ros2_octo/octo/utils/__init__.py
/home/jonathan/Thesis/ROS2_octo/ros2_ws/src/install/ros2_octo/lib/python3.10/site-packages/ros2_octo/octo/utils/spec.py
/home/jonathan/Thesis/ROS2_octo/ros2_ws/src/install/ros2_octo/lib/python3.10/site-packages/ros2_octo/octo/utils/train_utils.py
/home/jonathan/Thesis/ROS2_octo/ros2_ws/src/install/ros2_octo/lib/python3.10/site-packages/ros2_octo/octo/utils/gym_wrappers.py
/home/jonathan/Thesis/ROS2_octo/ros2_ws/src/install/ros2_octo/lib/python3.10/site-packages/ros2_octo/octo/utils/typing.py
/home/jonathan/Thesis/ROS2_octo/ros2_ws/src/install/ros2_octo/lib/python3.10/site-packages/ros2_octo/octo/model/octo_model.py
/home/jonathan/Thesis/ROS2_octo/ros2_ws/src/install/ros2_octo/lib/python3.10/site-packages/ros2_octo/octo/model/__init__.py
/home/jonathan/Thesis/ROS2_octo/ros2_ws/src/install/ros2_octo/lib/python3.10/site-packages/ros2_octo/octo/model/octo_module.py
/home/jonathan/Thesis/ROS2_octo/ros2_ws/src/install/ros2_octo/lib/python3.10/site-packages/ros2_octo/octo/data/dataset.py
/home/jonathan/Thesis/ROS2_octo/ros2_ws/src/install/ros2_octo/lib/python3.10/site-packages/ros2_octo/octo/data/__init__.py
/home/jonathan/Thesis/ROS2_octo/ros2_ws/src/install/ros2_octo/lib/python3.10/site-packages/ros2_octo/octo/data/traj_transforms.py
/home/jonathan/Thesis/ROS2_octo/ros2_ws/src/install/ros2_octo/lib/python3.10/site-packages/ros2_octo/octo/data/obs_transforms.py
/home/jonathan/Thesis/ROS2_octo/ros2_ws/src/install/ros2_octo/lib/python3.10/site-packages/ros2_octo/octo/model/components/unet.py
/home/jonathan/Thesis/ROS2_octo/ros2_ws/src/install/ros2_octo/lib/python3.10/site-packages/ros2_octo/octo/model/components/__init__.py
/home/jonathan/Thesis/ROS2_octo/ros2_ws/src/install/ros2_octo/lib/python3.10/site-packages/ros2_octo/octo/model/components/action_heads.py
/home/jonathan/Thesis/ROS2_octo/ros2_ws/src/install/ros2_octo/lib/python3.10/site-packages/ros2_octo/octo/model/components/tokenizers.py
/home/jonathan/Thesis/ROS2_octo/ros2_ws/src/install/ros2_octo/lib/python3.10/site-packages/ros2_octo/octo/model/components/block_transformer.py
/home/jonathan/Thesis/ROS2_octo/ros2_ws/src/install/ros2_octo/lib/python3.10/site-packages/ros2_octo/octo/model/components/diffusion.py
/home/jonathan/Thesis/ROS2_octo/ros2_ws/src/install/ros2_octo/lib/python3.10/site-packages/ros2_octo/octo/model/components/vit_encoders.py
/home/jonathan/Thesis/ROS2_octo/ros2_ws/src/install/ros2_octo/lib/python3.10/site-packages/ros2_octo/octo/model/components/film_conditioning_layer.py
/home/jonathan/Thesis/ROS2_octo/ros2_ws/src/install/ros2_octo/lib/python3.10/site-packages/ros2_octo/octo/model/components/transformer.py
/home/jonathan/Thesis/ROS2_octo/ros2_ws/src/install/ros2_octo/lib/python3.10/site-packages/ros2_octo/octo/model/components/base.py
/home/jonathan/Thesis/ROS2_octo/ros2_ws/src/install/ros2_octo/lib/python3.10/site-packages/ros2_octo/octo/data/utils/__init__.py
/home/jonathan/Thesis/ROS2_octo/ros2_ws/src/install/ros2_octo/lib/python3.10/site-packages/ros2_octo/octo/data/utils/data_utils.py
/home/jonathan/Thesis/ROS2_octo/ros2_ws/src/install/ros2_octo/lib/python3.10/site-packages/ros2_octo/octo/data/utils/text_processing.py
/home/jonathan/Thesis/ROS2_octo/ros2_ws/src/install/ros2_octo/lib/python3.10/site-packages/ros2_octo/octo/data/utils/task_augmentation.py
/home/jonathan/Thesis/ROS2_octo/ros2_ws/src/install/ros2_octo/lib/python3.10/site-packages/ros2_octo/octo/data/utils/goal_relabeling.py
/home/jonathan/Thesis/ROS2_octo/ros2_ws/src/install/ros2_octo/lib/python3.10/site-packages/ros2_octo/octo/data/oxe/oxe_dataset_configs.py
/home/jonathan/Thesis/ROS2_octo/ros2_ws/src/install/ros2_octo/lib/python3.10/site-packages/ros2_octo/octo/data/oxe/__init__.py
/home/jonathan/Thesis/ROS2_octo/ros2_ws/src/install/ros2_octo/lib/python3.10/site-packages/ros2_octo/octo/data/oxe/oxe_standardization_transforms.py
/home/jonathan/Thesis/ROS2_octo/ros2_ws/src/install/ros2_octo/lib/python3.10/site-packages/ros2_octo/octo/data/oxe/oxe_dataset_mixes.py
/home/jonathan/Thesis/ROS2_octo/ros2_ws/src/install/ros2_octo/lib/python3.10/site-packages/ros2_octo/__pycache__/octo_target_pose.cpython-310.pyc
/home/jonathan/Thesis/ROS2_octo/ros2_ws/src/install/ros2_octo/lib/python3.10/site-packages/ros2_octo/__pycache__/octo_inference.cpython-310.pyc
/home/jonathan/Thesis/ROS2_octo/ros2_ws/src/install/ros2_octo/lib/python3.10/site-packages/ros2_octo/__pycache__/__init__.cpython-310.pyc
/home/jonathan/Thesis/ROS2_octo/ros2_ws/src/install/ros2_octo/lib/python3.10/site-packages/ros2_octo/__pycache__/camera.cpython-310.pyc
/home/jonathan/Thesis/ROS2_octo/ros2_ws/src/install/ros2_octo/lib/python3.10/site-packages/ros2_octo/octo/__pycache__/__init__.cpython-310.pyc
/home/jonathan/Thesis/ROS2_octo/ros2_ws/src/install/ros2_octo/lib/python3.10/site-packages/ros2_octo/octo/utils/__pycache__/visualization_lib.cpython-310.pyc
/home/jonathan/Thesis/ROS2_octo/ros2_ws/src/install/ros2_octo/lib/python3.10/site-packages/ros2_octo/octo/utils/__pycache__/train_callbacks.cpython-310.pyc
/home/jonathan/Thesis/ROS2_octo/ros2_ws/src/install/ros2_octo/lib/python3.10/site-packages/ros2_octo/octo/utils/__pycache__/jax_utils.cpython-310.pyc
/home/jonathan/Thesis/ROS2_octo/ros2_ws/src/install/ros2_octo/lib/python3.10/site-packages/ros2_octo/octo/utils/__pycache__/__init__.cpython-310.pyc
/home/jonathan/Thesis/ROS2_octo/ros2_ws/src/install/ros2_octo/lib/python3.10/site-packages/ros2_octo/octo/utils/__pycache__/spec.cpython-310.pyc
/home/jonathan/Thesis/ROS2_octo/ros2_ws/src/install/ros2_octo/lib/python3.10/site-packages/ros2_octo/octo/utils/__pycache__/train_utils.cpython-310.pyc
/home/jonathan/Thesis/ROS2_octo/ros2_ws/src/install/ros2_octo/lib/python3.10/site-packages/ros2_octo/octo/utils/__pycache__/gym_wrappers.cpython-310.pyc
/home/jonathan/Thesis/ROS2_octo/ros2_ws/src/install/ros2_octo/lib/python3.10/site-packages/ros2_octo/octo/utils/__pycache__/typing.cpython-310.pyc
/home/jonathan/Thesis/ROS2_octo/ros2_ws/src/install/ros2_octo/lib/python3.10/site-packages/ros2_octo/octo/model/__pycache__/octo_model.cpython-310.pyc
/home/jonathan/Thesis/ROS2_octo/ros2_ws/src/install/ros2_octo/lib/python3.10/site-packages/ros2_octo/octo/model/__pycache__/__init__.cpython-310.pyc
/home/jonathan/Thesis/ROS2_octo/ros2_ws/src/install/ros2_octo/lib/python3.10/site-packages/ros2_octo/octo/model/__pycache__/octo_module.cpython-310.pyc
/home/jonathan/Thesis/ROS2_octo/ros2_ws/src/install/ros2_octo/lib/python3.10/site-packages/ros2_octo/octo/data/__pycache__/dataset.cpython-310.pyc
/home/jonathan/Thesis/ROS2_octo/ros2_ws/src/install/ros2_octo/lib/python3.10/site-packages/ros2_octo/octo/data/__pycache__/__init__.cpython-310.pyc
/home/jonathan/Thesis/ROS2_octo/ros2_ws/src/install/ros2_octo/lib/python3.10/site-packages/ros2_octo/octo/data/__pycache__/traj_transforms.cpython-310.pyc
/home/jonathan/Thesis/ROS2_octo/ros2_ws/src/install/ros2_octo/lib/python3.10/site-packages/ros2_octo/octo/data/__pycache__/obs_transforms.cpython-310.pyc
/home/jonathan/Thesis/ROS2_octo/ros2_ws/src/install/ros2_octo/lib/python3.10/site-packages/ros2_octo/octo/model/components/__pycache__/unet.cpython-310.pyc
/home/jonathan/Thesis/ROS2_octo/ros2_ws/src/install/ros2_octo/lib/python3.10/site-packages/ros2_octo/octo/model/components/__pycache__/__init__.cpython-310.pyc
/home/jonathan/Thesis/ROS2_octo/ros2_ws/src/install/ros2_octo/lib/python3.10/site-packages/ros2_octo/octo/model/components/__pycache__/action_heads.cpython-310.pyc
/home/jonathan/Thesis/ROS2_octo/ros2_ws/src/install/ros2_octo/lib/python3.10/site-packages/ros2_octo/octo/model/components/__pycache__/tokenizers.cpython-310.pyc
/home/jonathan/Thesis/ROS2_octo/ros2_ws/src/install/ros2_octo/lib/python3.10/site-packages/ros2_octo/octo/model/components/__pycache__/block_transformer.cpython-310.pyc
/home/jonathan/Thesis/ROS2_octo/ros2_ws/src/install/ros2_octo/lib/python3.10/site-packages/ros2_octo/octo/model/components/__pycache__/diffusion.cpython-310.pyc
/home/jonathan/Thesis/ROS2_octo/ros2_ws/src/install/ros2_octo/lib/python3.10/site-packages/ros2_octo/octo/model/components/__pycache__/vit_encoders.cpython-310.pyc
/home/jonathan/Thesis/ROS2_octo/ros2_ws/src/install/ros2_octo/lib/python3.10/site-packages/ros2_octo/octo/model/components/__pycache__/film_conditioning_layer.cpython-310.pyc
/home/jonathan/Thesis/ROS2_octo/ros2_ws/src/install/ros2_octo/lib/python3.10/site-packages/ros2_octo/octo/model/components/__pycache__/transformer.cpython-310.pyc
/home/jonathan/Thesis/ROS2_octo/ros2_ws/src/install/ros2_octo/lib/python3.10/site-packages/ros2_octo/octo/model/components/__pycache__/base.cpython-310.pyc
/home/jonathan/Thesis/ROS2_octo/ros2_ws/src/install/ros2_octo/lib/python3.10/site-packages/ros2_octo/octo/data/utils/__pycache__/__init__.cpython-310.pyc
/home/jonathan/Thesis/ROS2_octo/ros2_ws/src/install/ros2_octo/lib/python3.10/site-packages/ros2_octo/octo/data/utils/__pycache__/data_utils.cpython-310.pyc
/home/jonathan/Thesis/ROS2_octo/ros2_ws/src/install/ros2_octo/lib/python3.10/site-packages/ros2_octo/octo/data/utils/__pycache__/text_processing.cpython-310.pyc
/home/jonathan/Thesis/ROS2_octo/ros2_ws/src/install/ros2_octo/lib/python3.10/site-packages/ros2_octo/octo/data/utils/__pycache__/task_augmentation.cpython-310.pyc
/home/jonathan/Thesis/ROS2_octo/ros2_ws/src/install/ros2_octo/lib/python3.10/site-packages/ros2_octo/octo/data/utils/__pycache__/goal_relabeling.cpython-310.pyc
/home/jonathan/Thesis/ROS2_octo/ros2_ws/src/install/ros2_octo/lib/python3.10/site-packages/ros2_octo/octo/data/oxe/__pycache__/oxe_dataset_configs.cpython-310.pyc
/home/jonathan/Thesis/ROS2_octo/ros2_ws/src/install/ros2_octo/lib/python3.10/site-packages/ros2_octo/octo/data/oxe/__pycache__/__init__.cpython-310.pyc
/home/jonathan/Thesis/ROS2_octo/ros2_ws/src/install/ros2_octo/lib/python3.10/site-packages/ros2_octo/octo/data/oxe/__pycache__/oxe_standardization_transforms.cpython-310.pyc
/home/jonathan/Thesis/ROS2_octo/ros2_ws/src/install/ros2_octo/lib/python3.10/site-packages/ros2_octo/octo/data/oxe/__pycache__/oxe_dataset_mixes.cpython-310.pyc
/home/jonathan/Thesis/ROS2_octo/ros2_ws/src/install/ros2_octo/share/ament_index/resource_index/packages/ros2_octo
/home/jonathan/Thesis/ROS2_octo/ros2_ws/src/install/ros2_octo/share/ros2_octo/package.xml
/home/jonathan/Thesis/ROS2_octo/ros2_ws/src/install/ros2_octo/lib/python3.10/site-packages/ros2_octo-0.0.0-py3.10.egg-info/PKG-INFO
/home/jonathan/Thesis/ROS2_octo/ros2_ws/src/install/ros2_octo/lib/python3.10/site-packages/ros2_octo-0.0.0-py3.10.egg-info/dependency_links.txt
/home/jonathan/Thesis/ROS2_octo/ros2_ws/src/install/ros2_octo/lib/python3.10/site-packages/ros2_octo-0.0.0-py3.10.egg-info/SOURCES.txt
/home/jonathan/Thesis/ROS2_octo/ros2_ws/src/install/ros2_octo/lib/python3.10/site-packages/ros2_octo-0.0.0-py3.10.egg-info/top_level.txt
/home/jonathan/Thesis/ROS2_octo/ros2_ws/src/install/ros2_octo/lib/python3.10/site-packages/ros2_octo-0.0.0-py3.10.egg-info/requires.txt
/home/jonathan/Thesis/ROS2_octo/ros2_ws/src/install/ros2_octo/lib/python3.10/site-packages/ros2_octo-0.0.0-py3.10.egg-info/zip-safe
/home/jonathan/Thesis/ROS2_octo/ros2_ws/src/install/ros2_octo/lib/python3.10/site-packages/ros2_octo-0.0.0-py3.10.egg-info/entry_points.txt
/home/jonathan/Thesis/ROS2_octo/ros2_ws/src/install/ros2_octo/lib/ros2_octo/octo_target_pose
