running egg_info
creating ../build/ros2_octo/ros2_octo.egg-info
writing ../build/ros2_octo/ros2_octo.egg-info/PKG-INFO
writing dependency_links to ../build/ros2_octo/ros2_octo.egg-info/dependency_links.txt
writing entry points to ../build/ros2_octo/ros2_octo.egg-info/entry_points.txt
writing requirements to ../build/ros2_octo/ros2_octo.egg-info/requires.txt
writing top-level names to ../build/ros2_octo/ros2_octo.egg-info/top_level.txt
writing manifest file '../build/ros2_octo/ros2_octo.egg-info/SOURCES.txt'
reading manifest file '../build/ros2_octo/ros2_octo.egg-info/SOURCES.txt'
writing manifest file '../build/ros2_octo/ros2_octo.egg-info/SOURCES.txt'
running build
running build_py
creating /home/jonathan/Thesis/ROS2_octo/ros2_ws/src/build/ros2_octo/build
creating /home/jonathan/Thesis/ROS2_octo/ros2_ws/src/build/ros2_octo/build/lib
creating /home/jonathan/Thesis/ROS2_octo/ros2_ws/src/build/ros2_octo/build/lib/ros2_octo
copying ros2_octo/octo_target_pose.py -> /home/jonathan/Thesis/ROS2_octo/ros2_ws/src/build/ros2_octo/build/lib/ros2_octo
copying ros2_octo/octo_inference.py -> /home/jonathan/Thesis/ROS2_octo/ros2_ws/src/build/ros2_octo/build/lib/ros2_octo
copying ros2_octo/__init__.py -> /home/jonathan/Thesis/ROS2_octo/ros2_ws/src/build/ros2_octo/build/lib/ros2_octo
copying ros2_octo/camera.py -> /home/jonathan/Thesis/ROS2_octo/ros2_ws/src/build/ros2_octo/build/lib/ros2_octo
creating /home/jonathan/Thesis/ROS2_octo/ros2_ws/src/build/ros2_octo/build/lib/ros2_octo/octo
copying ros2_octo/octo/__init__.py -> /home/jonathan/Thesis/ROS2_octo/ros2_ws/src/build/ros2_octo/build/lib/ros2_octo/octo
creating /home/jonathan/Thesis/ROS2_octo/ros2_ws/src/build/ros2_octo/build/lib/ros2_octo/octo/utils
copying ros2_octo/octo/utils/visualization_lib.py -> /home/jonathan/Thesis/ROS2_octo/ros2_ws/src/build/ros2_octo/build/lib/ros2_octo/octo/utils
copying ros2_octo/octo/utils/train_callbacks.py -> /home/jonathan/Thesis/ROS2_octo/ros2_ws/src/build/ros2_octo/build/lib/ros2_octo/octo/utils
copying ros2_octo/octo/utils/jax_utils.py -> /home/jonathan/Thesis/ROS2_octo/ros2_ws/src/build/ros2_octo/build/lib/ros2_octo/octo/utils
copying ros2_octo/octo/utils/__init__.py -> /home/jonathan/Thesis/ROS2_octo/ros2_ws/src/build/ros2_octo/build/lib/ros2_octo/octo/utils
copying ros2_octo/octo/utils/spec.py -> /home/jonathan/Thesis/ROS2_octo/ros2_ws/src/build/ros2_octo/build/lib/ros2_octo/octo/utils
copying ros2_octo/octo/utils/train_utils.py -> /home/jonathan/Thesis/ROS2_octo/ros2_ws/src/build/ros2_octo/build/lib/ros2_octo/octo/utils
copying ros2_octo/octo/utils/gym_wrappers.py -> /home/jonathan/Thesis/ROS2_octo/ros2_ws/src/build/ros2_octo/build/lib/ros2_octo/octo/utils
copying ros2_octo/octo/utils/typing.py -> /home/jonathan/Thesis/ROS2_octo/ros2_ws/src/build/ros2_octo/build/lib/ros2_octo/octo/utils
creating /home/jonathan/Thesis/ROS2_octo/ros2_ws/src/build/ros2_octo/build/lib/ros2_octo/octo/model
copying ros2_octo/octo/model/octo_model.py -> /home/jonathan/Thesis/ROS2_octo/ros2_ws/src/build/ros2_octo/build/lib/ros2_octo/octo/model
copying ros2_octo/octo/model/__init__.py -> /home/jonathan/Thesis/ROS2_octo/ros2_ws/src/build/ros2_octo/build/lib/ros2_octo/octo/model
copying ros2_octo/octo/model/octo_module.py -> /home/jonathan/Thesis/ROS2_octo/ros2_ws/src/build/ros2_octo/build/lib/ros2_octo/octo/model
creating /home/jonathan/Thesis/ROS2_octo/ros2_ws/src/build/ros2_octo/build/lib/ros2_octo/octo/data
copying ros2_octo/octo/data/dataset.py -> /home/jonathan/Thesis/ROS2_octo/ros2_ws/src/build/ros2_octo/build/lib/ros2_octo/octo/data
copying ros2_octo/octo/data/__init__.py -> /home/jonathan/Thesis/ROS2_octo/ros2_ws/src/build/ros2_octo/build/lib/ros2_octo/octo/data
copying ros2_octo/octo/data/traj_transforms.py -> /home/jonathan/Thesis/ROS2_octo/ros2_ws/src/build/ros2_octo/build/lib/ros2_octo/octo/data
copying ros2_octo/octo/data/obs_transforms.py -> /home/jonathan/Thesis/ROS2_octo/ros2_ws/src/build/ros2_octo/build/lib/ros2_octo/octo/data
creating /home/jonathan/Thesis/ROS2_octo/ros2_ws/src/build/ros2_octo/build/lib/ros2_octo/octo/model/components
copying ros2_octo/octo/model/components/unet.py -> /home/jonathan/Thesis/ROS2_octo/ros2_ws/src/build/ros2_octo/build/lib/ros2_octo/octo/model/components
copying ros2_octo/octo/model/components/__init__.py -> /home/jonathan/Thesis/ROS2_octo/ros2_ws/src/build/ros2_octo/build/lib/ros2_octo/octo/model/components
copying ros2_octo/octo/model/components/action_heads.py -> /home/jonathan/Thesis/ROS2_octo/ros2_ws/src/build/ros2_octo/build/lib/ros2_octo/octo/model/components
copying ros2_octo/octo/model/components/tokenizers.py -> /home/jonathan/Thesis/ROS2_octo/ros2_ws/src/build/ros2_octo/build/lib/ros2_octo/octo/model/components
copying ros2_octo/octo/model/components/block_transformer.py -> /home/jonathan/Thesis/ROS2_octo/ros2_ws/src/build/ros2_octo/build/lib/ros2_octo/octo/model/components
copying ros2_octo/octo/model/components/diffusion.py -> /home/jonathan/Thesis/ROS2_octo/ros2_ws/src/build/ros2_octo/build/lib/ros2_octo/octo/model/components
copying ros2_octo/octo/model/components/vit_encoders.py -> /home/jonathan/Thesis/ROS2_octo/ros2_ws/src/build/ros2_octo/build/lib/ros2_octo/octo/model/components
copying ros2_octo/octo/model/components/film_conditioning_layer.py -> /home/jonathan/Thesis/ROS2_octo/ros2_ws/src/build/ros2_octo/build/lib/ros2_octo/octo/model/components
copying ros2_octo/octo/model/components/transformer.py -> /home/jonathan/Thesis/ROS2_octo/ros2_ws/src/build/ros2_octo/build/lib/ros2_octo/octo/model/components
copying ros2_octo/octo/model/components/base.py -> /home/jonathan/Thesis/ROS2_octo/ros2_ws/src/build/ros2_octo/build/lib/ros2_octo/octo/model/components
creating /home/jonathan/Thesis/ROS2_octo/ros2_ws/src/build/ros2_octo/build/lib/ros2_octo/octo/data/utils
copying ros2_octo/octo/data/utils/__init__.py -> /home/jonathan/Thesis/ROS2_octo/ros2_ws/src/build/ros2_octo/build/lib/ros2_octo/octo/data/utils
copying ros2_octo/octo/data/utils/data_utils.py -> /home/jonathan/Thesis/ROS2_octo/ros2_ws/src/build/ros2_octo/build/lib/ros2_octo/octo/data/utils
copying ros2_octo/octo/data/utils/text_processing.py -> /home/jonathan/Thesis/ROS2_octo/ros2_ws/src/build/ros2_octo/build/lib/ros2_octo/octo/data/utils
copying ros2_octo/octo/data/utils/task_augmentation.py -> /home/jonathan/Thesis/ROS2_octo/ros2_ws/src/build/ros2_octo/build/lib/ros2_octo/octo/data/utils
copying ros2_octo/octo/data/utils/goal_relabeling.py -> /home/jonathan/Thesis/ROS2_octo/ros2_ws/src/build/ros2_octo/build/lib/ros2_octo/octo/data/utils
creating /home/jonathan/Thesis/ROS2_octo/ros2_ws/src/build/ros2_octo/build/lib/ros2_octo/octo/data/oxe
copying ros2_octo/octo/data/oxe/oxe_dataset_configs.py -> /home/jonathan/Thesis/ROS2_octo/ros2_ws/src/build/ros2_octo/build/lib/ros2_octo/octo/data/oxe
copying ros2_octo/octo/data/oxe/__init__.py -> /home/jonathan/Thesis/ROS2_octo/ros2_ws/src/build/ros2_octo/build/lib/ros2_octo/octo/data/oxe
copying ros2_octo/octo/data/oxe/oxe_standardization_transforms.py -> /home/jonathan/Thesis/ROS2_octo/ros2_ws/src/build/ros2_octo/build/lib/ros2_octo/octo/data/oxe
copying ros2_octo/octo/data/oxe/oxe_dataset_mixes.py -> /home/jonathan/Thesis/ROS2_octo/ros2_ws/src/build/ros2_octo/build/lib/ros2_octo/octo/data/oxe
running install
running install_lib
creating /home/jonathan/Thesis/ROS2_octo/ros2_ws/src/install/ros2_octo/lib/python3.10/site-packages/ros2_octo
copying /home/jonathan/Thesis/ROS2_octo/ros2_ws/src/build/ros2_octo/build/lib/ros2_octo/octo_target_pose.py -> /home/jonathan/Thesis/ROS2_octo/ros2_ws/src/install/ros2_octo/lib/python3.10/site-packages/ros2_octo
copying /home/jonathan/Thesis/ROS2_octo/ros2_ws/src/build/ros2_octo/build/lib/ros2_octo/octo_inference.py -> /home/jonathan/Thesis/ROS2_octo/ros2_ws/src/install/ros2_octo/lib/python3.10/site-packages/ros2_octo
copying /home/jonathan/Thesis/ROS2_octo/ros2_ws/src/build/ros2_octo/build/lib/ros2_octo/__init__.py -> /home/jonathan/Thesis/ROS2_octo/ros2_ws/src/install/ros2_octo/lib/python3.10/site-packages/ros2_octo
creating /home/jonathan/Thesis/ROS2_octo/ros2_ws/src/install/ros2_octo/lib/python3.10/site-packages/ros2_octo/octo
creating /home/jonathan/Thesis/ROS2_octo/ros2_ws/src/install/ros2_octo/lib/python3.10/site-packages/ros2_octo/octo/utils
copying /home/jonathan/Thesis/ROS2_octo/ros2_ws/src/build/ros2_octo/build/lib/ros2_octo/octo/utils/visualization_lib.py -> /home/jonathan/Thesis/ROS2_octo/ros2_ws/src/install/ros2_octo/lib/python3.10/site-packages/ros2_octo/octo/utils
copying /home/jonathan/Thesis/ROS2_octo/ros2_ws/src/build/ros2_octo/build/lib/ros2_octo/octo/utils/train_callbacks.py -> /home/jonathan/Thesis/ROS2_octo/ros2_ws/src/install/ros2_octo/lib/python3.10/site-packages/ros2_octo/octo/utils
copying /home/jonathan/Thesis/ROS2_octo/ros2_ws/src/build/ros2_octo/build/lib/ros2_octo/octo/utils/jax_utils.py -> /home/jonathan/Thesis/ROS2_octo/ros2_ws/src/install/ros2_octo/lib/python3.10/site-packages/ros2_octo/octo/utils
copying /home/jonathan/Thesis/ROS2_octo/ros2_ws/src/build/ros2_octo/build/lib/ros2_octo/octo/utils/__init__.py -> /home/jonathan/Thesis/ROS2_octo/ros2_ws/src/install/ros2_octo/lib/python3.10/site-packages/ros2_octo/octo/utils
copying /home/jonathan/Thesis/ROS2_octo/ros2_ws/src/build/ros2_octo/build/lib/ros2_octo/octo/utils/spec.py -> /home/jonathan/Thesis/ROS2_octo/ros2_ws/src/install/ros2_octo/lib/python3.10/site-packages/ros2_octo/octo/utils
copying /home/jonathan/Thesis/ROS2_octo/ros2_ws/src/build/ros2_octo/build/lib/ros2_octo/octo/utils/train_utils.py -> /home/jonathan/Thesis/ROS2_octo/ros2_ws/src/install/ros2_octo/lib/python3.10/site-packages/ros2_octo/octo/utils
copying /home/jonathan/Thesis/ROS2_octo/ros2_ws/src/build/ros2_octo/build/lib/ros2_octo/octo/utils/gym_wrappers.py -> /home/jonathan/Thesis/ROS2_octo/ros2_ws/src/install/ros2_octo/lib/python3.10/site-packages/ros2_octo/octo/utils
copying /home/jonathan/Thesis/ROS2_octo/ros2_ws/src/build/ros2_octo/build/lib/ros2_octo/octo/utils/typing.py -> /home/jonathan/Thesis/ROS2_octo/ros2_ws/src/install/ros2_octo/lib/python3.10/site-packages/ros2_octo/octo/utils
copying /home/jonathan/Thesis/ROS2_octo/ros2_ws/src/build/ros2_octo/build/lib/ros2_octo/octo/__init__.py -> /home/jonathan/Thesis/ROS2_octo/ros2_ws/src/install/ros2_octo/lib/python3.10/site-packages/ros2_octo/octo
creating /home/jonathan/Thesis/ROS2_octo/ros2_ws/src/install/ros2_octo/lib/python3.10/site-packages/ros2_octo/octo/model
copying /home/jonathan/Thesis/ROS2_octo/ros2_ws/src/build/ros2_octo/build/lib/ros2_octo/octo/model/octo_model.py -> /home/jonathan/Thesis/ROS2_octo/ros2_ws/src/install/ros2_octo/lib/python3.10/site-packages/ros2_octo/octo/model
copying /home/jonathan/Thesis/ROS2_octo/ros2_ws/src/build/ros2_octo/build/lib/ros2_octo/octo/model/__init__.py -> /home/jonathan/Thesis/ROS2_octo/ros2_ws/src/install/ros2_octo/lib/python3.10/site-packages/ros2_octo/octo/model
copying /home/jonathan/Thesis/ROS2_octo/ros2_ws/src/build/ros2_octo/build/lib/ros2_octo/octo/model/octo_module.py -> /home/jonathan/Thesis/ROS2_octo/ros2_ws/src/install/ros2_octo/lib/python3.10/site-packages/ros2_octo/octo/model
creating /home/jonathan/Thesis/ROS2_octo/ros2_ws/src/install/ros2_octo/lib/python3.10/site-packages/ros2_octo/octo/model/components
copying /home/jonathan/Thesis/ROS2_octo/ros2_ws/src/build/ros2_octo/build/lib/ros2_octo/octo/model/components/unet.py -> /home/jonathan/Thesis/ROS2_octo/ros2_ws/src/install/ros2_octo/lib/python3.10/site-packages/ros2_octo/octo/model/components
copying /home/jonathan/Thesis/ROS2_octo/ros2_ws/src/build/ros2_octo/build/lib/ros2_octo/octo/model/components/__init__.py -> /home/jonathan/Thesis/ROS2_octo/ros2_ws/src/install/ros2_octo/lib/python3.10/site-packages/ros2_octo/octo/model/components
copying /home/jonathan/Thesis/ROS2_octo/ros2_ws/src/build/ros2_octo/build/lib/ros2_octo/octo/model/components/action_heads.py -> /home/jonathan/Thesis/ROS2_octo/ros2_ws/src/install/ros2_octo/lib/python3.10/site-packages/ros2_octo/octo/model/components
copying /home/jonathan/Thesis/ROS2_octo/ros2_ws/src/build/ros2_octo/build/lib/ros2_octo/octo/model/components/tokenizers.py -> /home/jonathan/Thesis/ROS2_octo/ros2_ws/src/install/ros2_octo/lib/python3.10/site-packages/ros2_octo/octo/model/components
copying /home/jonathan/Thesis/ROS2_octo/ros2_ws/src/build/ros2_octo/build/lib/ros2_octo/octo/model/components/block_transformer.py -> /home/jonathan/Thesis/ROS2_octo/ros2_ws/src/install/ros2_octo/lib/python3.10/site-packages/ros2_octo/octo/model/components
copying /home/jonathan/Thesis/ROS2_octo/ros2_ws/src/build/ros2_octo/build/lib/ros2_octo/octo/model/components/diffusion.py -> /home/jonathan/Thesis/ROS2_octo/ros2_ws/src/install/ros2_octo/lib/python3.10/site-packages/ros2_octo/octo/model/components
copying /home/jonathan/Thesis/ROS2_octo/ros2_ws/src/build/ros2_octo/build/lib/ros2_octo/octo/model/components/vit_encoders.py -> /home/jonathan/Thesis/ROS2_octo/ros2_ws/src/install/ros2_octo/lib/python3.10/site-packages/ros2_octo/octo/model/components
copying /home/jonathan/Thesis/ROS2_octo/ros2_ws/src/build/ros2_octo/build/lib/ros2_octo/octo/model/components/film_conditioning_layer.py -> /home/jonathan/Thesis/ROS2_octo/ros2_ws/src/install/ros2_octo/lib/python3.10/site-packages/ros2_octo/octo/model/components
copying /home/jonathan/Thesis/ROS2_octo/ros2_ws/src/build/ros2_octo/build/lib/ros2_octo/octo/model/components/transformer.py -> /home/jonathan/Thesis/ROS2_octo/ros2_ws/src/install/ros2_octo/lib/python3.10/site-packages/ros2_octo/octo/model/components
copying /home/jonathan/Thesis/ROS2_octo/ros2_ws/src/build/ros2_octo/build/lib/ros2_octo/octo/model/components/base.py -> /home/jonathan/Thesis/ROS2_octo/ros2_ws/src/install/ros2_octo/lib/python3.10/site-packages/ros2_octo/octo/model/components
creating /home/jonathan/Thesis/ROS2_octo/ros2_ws/src/install/ros2_octo/lib/python3.10/site-packages/ros2_octo/octo/data
copying /home/jonathan/Thesis/ROS2_octo/ros2_ws/src/build/ros2_octo/build/lib/ros2_octo/octo/data/dataset.py -> /home/jonathan/Thesis/ROS2_octo/ros2_ws/src/install/ros2_octo/lib/python3.10/site-packages/ros2_octo/octo/data
creating /home/jonathan/Thesis/ROS2_octo/ros2_ws/src/install/ros2_octo/lib/python3.10/site-packages/ros2_octo/octo/data/utils
copying /home/jonathan/Thesis/ROS2_octo/ros2_ws/src/build/ros2_octo/build/lib/ros2_octo/octo/data/utils/__init__.py -> /home/jonathan/Thesis/ROS2_octo/ros2_ws/src/install/ros2_octo/lib/python3.10/site-packages/ros2_octo/octo/data/utils
copying /home/jonathan/Thesis/ROS2_octo/ros2_ws/src/build/ros2_octo/build/lib/ros2_octo/octo/data/utils/data_utils.py -> /home/jonathan/Thesis/ROS2_octo/ros2_ws/src/install/ros2_octo/lib/python3.10/site-packages/ros2_octo/octo/data/utils
copying /home/jonathan/Thesis/ROS2_octo/ros2_ws/src/build/ros2_octo/build/lib/ros2_octo/octo/data/utils/text_processing.py -> /home/jonathan/Thesis/ROS2_octo/ros2_ws/src/install/ros2_octo/lib/python3.10/site-packages/ros2_octo/octo/data/utils
copying /home/jonathan/Thesis/ROS2_octo/ros2_ws/src/build/ros2_octo/build/lib/ros2_octo/octo/data/utils/task_augmentation.py -> /home/jonathan/Thesis/ROS2_octo/ros2_ws/src/install/ros2_octo/lib/python3.10/site-packages/ros2_octo/octo/data/utils
copying /home/jonathan/Thesis/ROS2_octo/ros2_ws/src/build/ros2_octo/build/lib/ros2_octo/octo/data/utils/goal_relabeling.py -> /home/jonathan/Thesis/ROS2_octo/ros2_ws/src/install/ros2_octo/lib/python3.10/site-packages/ros2_octo/octo/data/utils
copying /home/jonathan/Thesis/ROS2_octo/ros2_ws/src/build/ros2_octo/build/lib/ros2_octo/octo/data/__init__.py -> /home/jonathan/Thesis/ROS2_octo/ros2_ws/src/install/ros2_octo/lib/python3.10/site-packages/ros2_octo/octo/data
copying /home/jonathan/Thesis/ROS2_octo/ros2_ws/src/build/ros2_octo/build/lib/ros2_octo/octo/data/traj_transforms.py -> /home/jonathan/Thesis/ROS2_octo/ros2_ws/src/install/ros2_octo/lib/python3.10/site-packages/ros2_octo/octo/data
creating /home/jonathan/Thesis/ROS2_octo/ros2_ws/src/install/ros2_octo/lib/python3.10/site-packages/ros2_octo/octo/data/oxe
copying /home/jonathan/Thesis/ROS2_octo/ros2_ws/src/build/ros2_octo/build/lib/ros2_octo/octo/data/oxe/oxe_dataset_configs.py -> /home/jonathan/Thesis/ROS2_octo/ros2_ws/src/install/ros2_octo/lib/python3.10/site-packages/ros2_octo/octo/data/oxe
copying /home/jonathan/Thesis/ROS2_octo/ros2_ws/src/build/ros2_octo/build/lib/ros2_octo/octo/data/oxe/__init__.py -> /home/jonathan/Thesis/ROS2_octo/ros2_ws/src/install/ros2_octo/lib/python3.10/site-packages/ros2_octo/octo/data/oxe
copying /home/jonathan/Thesis/ROS2_octo/ros2_ws/src/build/ros2_octo/build/lib/ros2_octo/octo/data/oxe/oxe_standardization_transforms.py -> /home/jonathan/Thesis/ROS2_octo/ros2_ws/src/install/ros2_octo/lib/python3.10/site-packages/ros2_octo/octo/data/oxe
copying /home/jonathan/Thesis/ROS2_octo/ros2_ws/src/build/ros2_octo/build/lib/ros2_octo/octo/data/oxe/oxe_dataset_mixes.py -> /home/jonathan/Thesis/ROS2_octo/ros2_ws/src/install/ros2_octo/lib/python3.10/site-packages/ros2_octo/octo/data/oxe
copying /home/jonathan/Thesis/ROS2_octo/ros2_ws/src/build/ros2_octo/build/lib/ros2_octo/octo/data/obs_transforms.py -> /home/jonathan/Thesis/ROS2_octo/ros2_ws/src/install/ros2_octo/lib/python3.10/site-packages/ros2_octo/octo/data
copying /home/jonathan/Thesis/ROS2_octo/ros2_ws/src/build/ros2_octo/build/lib/ros2_octo/camera.py -> /home/jonathan/Thesis/ROS2_octo/ros2_ws/src/install/ros2_octo/lib/python3.10/site-packages/ros2_octo
byte-compiling /home/jonathan/Thesis/ROS2_octo/ros2_ws/src/install/ros2_octo/lib/python3.10/site-packages/ros2_octo/octo_target_pose.py to octo_target_pose.cpython-310.pyc
byte-compiling /home/jonathan/Thesis/ROS2_octo/ros2_ws/src/install/ros2_octo/lib/python3.10/site-packages/ros2_octo/octo_inference.py to octo_inference.cpython-310.pyc
byte-compiling /home/jonathan/Thesis/ROS2_octo/ros2_ws/src/install/ros2_octo/lib/python3.10/site-packages/ros2_octo/__init__.py to __init__.cpython-310.pyc
byte-compiling /home/jonathan/Thesis/ROS2_octo/ros2_ws/src/install/ros2_octo/lib/python3.10/site-packages/ros2_octo/octo/utils/visualization_lib.py to visualization_lib.cpython-310.pyc
byte-compiling /home/jonathan/Thesis/ROS2_octo/ros2_ws/src/install/ros2_octo/lib/python3.10/site-packages/ros2_octo/octo/utils/train_callbacks.py to train_callbacks.cpython-310.pyc
byte-compiling /home/jonathan/Thesis/ROS2_octo/ros2_ws/src/install/ros2_octo/lib/python3.10/site-packages/ros2_octo/octo/utils/jax_utils.py to jax_utils.cpython-310.pyc
byte-compiling /home/jonathan/Thesis/ROS2_octo/ros2_ws/src/install/ros2_octo/lib/python3.10/site-packages/ros2_octo/octo/utils/__init__.py to __init__.cpython-310.pyc
byte-compiling /home/jonathan/Thesis/ROS2_octo/ros2_ws/src/install/ros2_octo/lib/python3.10/site-packages/ros2_octo/octo/utils/spec.py to spec.cpython-310.pyc
byte-compiling /home/jonathan/Thesis/ROS2_octo/ros2_ws/src/install/ros2_octo/lib/python3.10/site-packages/ros2_octo/octo/utils/train_utils.py to train_utils.cpython-310.pyc
byte-compiling /home/jonathan/Thesis/ROS2_octo/ros2_ws/src/install/ros2_octo/lib/python3.10/site-packages/ros2_octo/octo/utils/gym_wrappers.py to gym_wrappers.cpython-310.pyc
byte-compiling /home/jonathan/Thesis/ROS2_octo/ros2_ws/src/install/ros2_octo/lib/python3.10/site-packages/ros2_octo/octo/utils/typing.py to typing.cpython-310.pyc
byte-compiling /home/jonathan/Thesis/ROS2_octo/ros2_ws/src/install/ros2_octo/lib/python3.10/site-packages/ros2_octo/octo/__init__.py to __init__.cpython-310.pyc
byte-compiling /home/jonathan/Thesis/ROS2_octo/ros2_ws/src/install/ros2_octo/lib/python3.10/site-packages/ros2_octo/octo/model/octo_model.py to octo_model.cpython-310.pyc
byte-compiling /home/jonathan/Thesis/ROS2_octo/ros2_ws/src/install/ros2_octo/lib/python3.10/site-packages/ros2_octo/octo/model/__init__.py to __init__.cpython-310.pyc
byte-compiling /home/jonathan/Thesis/ROS2_octo/ros2_ws/src/install/ros2_octo/lib/python3.10/site-packages/ros2_octo/octo/model/octo_module.py to octo_module.cpython-310.pyc
byte-compiling /home/jonathan/Thesis/ROS2_octo/ros2_ws/src/install/ros2_octo/lib/python3.10/site-packages/ros2_octo/octo/model/components/unet.py to unet.cpython-310.pyc
byte-compiling /home/jonathan/Thesis/ROS2_octo/ros2_ws/src/install/ros2_octo/lib/python3.10/site-packages/ros2_octo/octo/model/components/__init__.py to __init__.cpython-310.pyc
byte-compiling /home/jonathan/Thesis/ROS2_octo/ros2_ws/src/install/ros2_octo/lib/python3.10/site-packages/ros2_octo/octo/model/components/action_heads.py to action_heads.cpython-310.pyc
byte-compiling /home/jonathan/Thesis/ROS2_octo/ros2_ws/src/install/ros2_octo/lib/python3.10/site-packages/ros2_octo/octo/model/components/tokenizers.py to tokenizers.cpython-310.pyc
byte-compiling /home/jonathan/Thesis/ROS2_octo/ros2_ws/src/install/ros2_octo/lib/python3.10/site-packages/ros2_octo/octo/model/components/block_transformer.py to block_transformer.cpython-310.pyc
byte-compiling /home/jonathan/Thesis/ROS2_octo/ros2_ws/src/install/ros2_octo/lib/python3.10/site-packages/ros2_octo/octo/model/components/diffusion.py to diffusion.cpython-310.pyc
byte-compiling /home/jonathan/Thesis/ROS2_octo/ros2_ws/src/install/ros2_octo/lib/python3.10/site-packages/ros2_octo/octo/model/components/vit_encoders.py to vit_encoders.cpython-310.pyc
byte-compiling /home/jonathan/Thesis/ROS2_octo/ros2_ws/src/install/ros2_octo/lib/python3.10/site-packages/ros2_octo/octo/model/components/film_conditioning_layer.py to film_conditioning_layer.cpython-310.pyc
byte-compiling /home/jonathan/Thesis/ROS2_octo/ros2_ws/src/install/ros2_octo/lib/python3.10/site-packages/ros2_octo/octo/model/components/transformer.py to transformer.cpython-310.pyc
byte-compiling /home/jonathan/Thesis/ROS2_octo/ros2_ws/src/install/ros2_octo/lib/python3.10/site-packages/ros2_octo/octo/model/components/base.py to base.cpython-310.pyc
byte-compiling /home/jonathan/Thesis/ROS2_octo/ros2_ws/src/install/ros2_octo/lib/python3.10/site-packages/ros2_octo/octo/data/dataset.py to dataset.cpython-310.pyc
byte-compiling /home/jonathan/Thesis/ROS2_octo/ros2_ws/src/install/ros2_octo/lib/python3.10/site-packages/ros2_octo/octo/data/utils/__init__.py to __init__.cpython-310.pyc
byte-compiling /home/jonathan/Thesis/ROS2_octo/ros2_ws/src/install/ros2_octo/lib/python3.10/site-packages/ros2_octo/octo/data/utils/data_utils.py to data_utils.cpython-310.pyc
byte-compiling /home/jonathan/Thesis/ROS2_octo/ros2_ws/src/install/ros2_octo/lib/python3.10/site-packages/ros2_octo/octo/data/utils/text_processing.py to text_processing.cpython-310.pyc
byte-compiling /home/jonathan/Thesis/ROS2_octo/ros2_ws/src/install/ros2_octo/lib/python3.10/site-packages/ros2_octo/octo/data/utils/task_augmentation.py to task_augmentation.cpython-310.pyc
byte-compiling /home/jonathan/Thesis/ROS2_octo/ros2_ws/src/install/ros2_octo/lib/python3.10/site-packages/ros2_octo/octo/data/utils/goal_relabeling.py to goal_relabeling.cpython-310.pyc
byte-compiling /home/jonathan/Thesis/ROS2_octo/ros2_ws/src/install/ros2_octo/lib/python3.10/site-packages/ros2_octo/octo/data/__init__.py to __init__.cpython-310.pyc
byte-compiling /home/jonathan/Thesis/ROS2_octo/ros2_ws/src/install/ros2_octo/lib/python3.10/site-packages/ros2_octo/octo/data/traj_transforms.py to traj_transforms.cpython-310.pyc
byte-compiling /home/jonathan/Thesis/ROS2_octo/ros2_ws/src/install/ros2_octo/lib/python3.10/site-packages/ros2_octo/octo/data/oxe/oxe_dataset_configs.py to oxe_dataset_configs.cpython-310.pyc
byte-compiling /home/jonathan/Thesis/ROS2_octo/ros2_ws/src/install/ros2_octo/lib/python3.10/site-packages/ros2_octo/octo/data/oxe/__init__.py to __init__.cpython-310.pyc
byte-compiling /home/jonathan/Thesis/ROS2_octo/ros2_ws/src/install/ros2_octo/lib/python3.10/site-packages/ros2_octo/octo/data/oxe/oxe_standardization_transforms.py to oxe_standardization_transforms.cpython-310.pyc
byte-compiling /home/jonathan/Thesis/ROS2_octo/ros2_ws/src/install/ros2_octo/lib/python3.10/site-packages/ros2_octo/octo/data/oxe/oxe_dataset_mixes.py to oxe_dataset_mixes.cpython-310.pyc
byte-compiling /home/jonathan/Thesis/ROS2_octo/ros2_ws/src/install/ros2_octo/lib/python3.10/site-packages/ros2_octo/octo/data/obs_transforms.py to obs_transforms.cpython-310.pyc
byte-compiling /home/jonathan/Thesis/ROS2_octo/ros2_ws/src/install/ros2_octo/lib/python3.10/site-packages/ros2_octo/camera.py to camera.cpython-310.pyc
running install_data
creating /home/jonathan/Thesis/ROS2_octo/ros2_ws/src/install/ros2_octo/share/ament_index
creating /home/jonathan/Thesis/ROS2_octo/ros2_ws/src/install/ros2_octo/share/ament_index/resource_index
creating /home/jonathan/Thesis/ROS2_octo/ros2_ws/src/install/ros2_octo/share/ament_index/resource_index/packages
copying resource/ros2_octo -> /home/jonathan/Thesis/ROS2_octo/ros2_ws/src/install/ros2_octo/share/ament_index/resource_index/packages
copying package.xml -> /home/jonathan/Thesis/ROS2_octo/ros2_ws/src/install/ros2_octo/share/ros2_octo
running install_egg_info
Copying ../build/ros2_octo/ros2_octo.egg-info to /home/jonathan/Thesis/ROS2_octo/ros2_ws/src/install/ros2_octo/lib/python3.10/site-packages/ros2_octo-0.0.0-py3.10.egg-info
running install_scripts
Installing octo_target_pose script to /home/jonathan/Thesis/ROS2_octo/ros2_ws/src/install/ros2_octo/lib/ros2_octo
writing list of installed files to '/home/jonathan/Thesis/ROS2_octo/ros2_ws/src/build/ros2_octo/install.log'
