running egg_info
writing ../build/ros2_octo/ros2_octo.egg-info/PKG-INFO
writing dependency_links to ../build/ros2_octo/ros2_octo.egg-info/dependency_links.txt
writing entry points to ../build/ros2_octo/ros2_octo.egg-info/entry_points.txt
writing requirements to ../build/ros2_octo/ros2_octo.egg-info/requires.txt
writing top-level names to ../build/ros2_octo/ros2_octo.egg-info/top_level.txt
reading manifest file '../build/ros2_octo/ros2_octo.egg-info/SOURCES.txt'
writing manifest file '../build/ros2_octo/ros2_octo.egg-info/SOURCES.txt'
running build
running build_py
copying ros2_octo/octo_inference.py -> /home/jonathan/Thesis/ROS2_octo/ros2_ws/src/build/ros2_octo/build/lib/ros2_octo
running install
running install_lib
copying /home/jonathan/Thesis/ROS2_octo/ros2_ws/src/build/ros2_octo/build/lib/ros2_octo/octo_inference.py -> /home/jonathan/Thesis/ROS2_octo/ros2_ws/src/install/ros2_octo/lib/python3.10/site-packages/ros2_octo
byte-compiling /home/jonathan/Thesis/ROS2_octo/ros2_ws/src/install/ros2_octo/lib/python3.10/site-packages/ros2_octo/octo_inference.py to octo_inference.cpython-310.pyc
running install_data
running install_egg_info
removing '/home/jonathan/Thesis/ROS2_octo/ros2_ws/src/install/ros2_octo/lib/python3.10/site-packages/ros2_octo-0.0.0-py3.10.egg-info' (and everything under it)
Copying ../build/ros2_octo/ros2_octo.egg-info to /home/jonathan/Thesis/ROS2_octo/ros2_ws/src/install/ros2_octo/lib/python3.10/site-packages/ros2_octo-0.0.0-py3.10.egg-info
running install_scripts
Installing octo_target_pose script to /home/jonathan/Thesis/ROS2_octo/ros2_ws/src/install/ros2_octo/lib/ros2_octo
writing list of installed files to '/home/jonathan/Thesis/ROS2_octo/ros2_ws/src/build/ros2_octo/install.log'
